# JRE version: Java(TM) SE Runtime Environment (18.0.2+9) (build 18.0.2+9-61)
# Java VM: Java HotSpot(TM) 64-Bit Server VM (18.0.2+9-61, mixed mode, sharing, tiered, compressed oops, compressed class ptrs, g1 gc, windows-amd64)
GC Precious Log:
 CardTable entry size: 512
 Card Set container configuration: InlinePtr #cards 4 size 8 Array Of Cards #cards 32 size 80 Howl #buckets 8 coarsen threshold 7372 Howl Bitmap #cards 1024 size 144 coarsen threshold 921 Card regions per heap region 1 cards per card region 8192
 CPUs: 8 total, 8 available
 Memory: 32256M
 Large Page Support: Disabled
 NUMA Support: Disabled
 Compressed Oops: Enabled (Zero based)
 Heap Region Size: 4M
 Heap Min Capacity: 8M
 Heap Initial Capacity: 508M
 Heap Max Capacity: 8068M
 Pre-touch: Disabled
 Parallel Workers: 8
 Concurrent Workers: 2
 Concurrent Refinement Workers: 8
 Periodic GC: Disabled
Heap:
 garbage-first heap   total 270336K, used 63401K [0x0000000607c00000, 0x0000000800000000)
  region size 4096K, 1 young (4096K), 1 survivors (4096K)
 Metaspace       used 73657K, committed 74368K, reserved 1114112K
  class space    used 9121K, committed 9472K, reserved 1048576K
GC Heap History (20 events):
Event: 4.937 GC heap after
{Heap after GC invocations=11 (full 0):
 garbage-first heap   total 151552K, used 44184K [0x0000000607c00000, 0x0000000800000000)
  region size 4096K, 1 young (4096K), 1 survivors (4096K)
 Metaspace       used 40873K, committed 41344K, reserved 1114112K
  class space    used 4747K, committed 4992K, reserved 1048576K
}
Event: 4.947 GC heap before
{Heap before GC invocations=11 (full 0):
 garbage-first heap   total 151552K, used 48280K [0x0000000607c00000, 0x0000000800000000)
  region size 4096K, 2 young (8192K), 1 survivors (4096K)
 Metaspace       used 40874K, committed 41344K, reserved 1114112K
  class space    used 4747K, committed 4992K, reserved 1048576K
}
Event: 4.954 GC heap after
{Heap after GC invocations=12 (full 0):
 garbage-first heap   total 151552K, used 30591K [0x0000000607c00000, 0x0000000800000000)
  region size 4096K, 1 young (4096K), 1 survivors (4096K)
 Metaspace       used 40874K, committed 41344K, reserved 1114112K
  class space    used 4747K, committed 4992K, reserved 1048576K
}
Event: 5.644 GC heap before
{Heap before GC invocations=12 (full 0):
 garbage-first heap   total 151552K, used 100223K [0x0000000607c00000, 0x0000000800000000)
  region size 4096K, 19 young (77824K), 1 survivors (4096K)
 Metaspace       used 45883K, committed 46400K, reserved 1114112K
  class space    used 5424K, committed 5696K, reserved 1048576K
}
Event: 5.650 GC heap after
{Heap after GC invocations=13 (full 0):
 garbage-first heap   total 319488K, used 33656K [0x0000000607c00000, 0x0000000800000000)
  region size 4096K, 2 young (8192K), 2 survivors (8192K)
 Metaspace       used 45883K, committed 46400K, reserved 1114112K
  class space    used 5424K, committed 5696K, reserved 1048576K
}
Event: 6.601 GC heap before
{Heap before GC invocations=13 (full 0):
 garbage-first heap   total 319488K, used 213880K [0x0000000607c00000, 0x0000000800000000)
  region size 4096K, 46 young (188416K), 2 survivors (8192K)
 Metaspace       used 50671K, committed 51136K, reserved 1114112K
  class space    used 6026K, committed 6272K, reserved 1048576K
}
Event: 6.607 GC heap after
{Heap after GC invocations=14 (full 0):
 garbage-first heap   total 319488K, used 36856K [0x0000000607c00000, 0x0000000800000000)
  region size 4096K, 3 young (12288K), 3 survivors (12288K)
 Metaspace       used 50671K, committed 51136K, reserved 1114112K
  class space    used 6026K, committed 6272K, reserved 1048576K
}
Event: 8.218 GC heap before
{Heap before GC invocations=14 (full 0):
 garbage-first heap   total 319488K, used 86008K [0x0000000607c00000, 0x0000000800000000)
  region size 4096K, 16 young (65536K), 3 survivors (12288K)
 Metaspace       used 60774K, committed 61440K, reserved 1114112K
  class space    used 7332K, committed 7680K, reserved 1048576K
}
Event: 8.228 GC heap after
{Heap after GC invocations=15 (full 0):
 garbage-first heap   total 319488K, used 44828K [0x0000000607c00000, 0x0000000800000000)
  region size 4096K, 4 young (16384K), 4 survivors (16384K)
 Metaspace       used 60774K, committed 61440K, reserved 1114112K
  class space    used 7332K, committed 7680K, reserved 1048576K
}
Event: 20.244 GC heap before
{Heap before GC invocations=16 (full 0):
 garbage-first heap   total 163840K, used 130844K [0x0000000607c00000, 0x0000000800000000)
  region size 4096K, 24 young (98304K), 4 survivors (16384K)
 Metaspace       used 71899K, committed 72576K, reserved 1114112K
  class space    used 8893K, committed 9216K, reserved 1048576K
}
Event: 20.260 GC heap after
{Heap after GC invocations=17 (full 0):
 garbage-first heap   total 163840K, used 59038K [0x0000000607c00000, 0x0000000800000000)
  region size 4096K, 2 young (8192K), 2 survivors (8192K)
 Metaspace       used 71899K, committed 72576K, reserved 1114112K
  class space    used 8893K, committed 9216K, reserved 1048576K
}
Event: 20.871 GC heap before
{Heap before GC invocations=17 (full 0):
 garbage-first heap   total 163840K, used 95902K [0x0000000607c00000, 0x0000000800000000)
  region size 4096K, 8 young (32768K), 2 survivors (8192K)
 Metaspace       used 73656K, committed 74368K, reserved 1114112K
  class space    used 9121K, committed 9472K, reserved 1048576K
}
Event: 20.877 GC heap after
{Heap after GC invocations=18 (full 0):
 garbage-first heap   total 163840K, used 63899K [0x0000000607c00000, 0x0000000800000000)
  region size 4096K, 2 young (8192K), 2 survivors (8192K)
 Metaspace       used 73656K, committed 74368K, reserved 1114112K
  class space    used 9121K, committed 9472K, reserved 1048576K
}
Event: 20.942 GC heap before
{Heap before GC invocations=18 (full 0):
 garbage-first heap   total 163840K, used 80283K [0x0000000607c00000, 0x0000000800000000)
  region size 4096K, 3 young (12288K), 2 survivors (8192K)
 Metaspace       used 73656K, committed 74368K, reserved 1114112K
  class space    used 9121K, committed 9472K, reserved 1048576K
}
Event: 20.947 GC heap after
{Heap after GC invocations=19 (full 0):
 garbage-first heap   total 163840K, used 68085K [0x0000000607c00000, 0x0000000800000000)
  region size 4096K, 1 young (4096K), 1 survivors (4096K)
 Metaspace       used 73656K, committed 74368K, reserved 1114112K
  class space    used 9121K, committed 9472K, reserved 1048576K
}
Event: 20.948 GC heap before
{Heap before GC invocations=19 (full 0):
 garbage-first heap   total 163840K, used 72181K [0x0000000607c00000, 0x0000000800000000)
  region size 4096K, 2 young (8192K), 1 survivors (4096K)
 Metaspace       used 73656K, committed 74368K, reserved 1114112K
  class space    used 9121K, committed 9472K, reserved 1048576K
}
Event: 20.950 GC heap after
{Heap after GC invocations=20 (full 0):
 garbage-first heap   total 163840K, used 67646K [0x0000000607c00000, 0x0000000800000000)
  region size 4096K, 1 young (4096K), 1 survivors (4096K)
 Metaspace       used 73656K, committed 74368K, reserved 1114112K
  class space    used 9121K, committed 9472K, reserved 1048576K
}
Event: 20.951 GC heap before
{Heap before GC invocations=20 (full 0):
 garbage-first heap   total 163840K, used 71742K [0x0000000607c00000, 0x0000000800000000)
  region size 4096K, 2 young (8192K), 1 survivors (4096K)
 Metaspace       used 73657K, committed 74368K, reserved 1114112K
  class space    used 9121K, committed 9472K, reserved 1048576K
}
Event: 20.952 GC heap after
{Heap after GC invocations=21 (full 0):
 garbage-first heap   total 163840K, used 63462K [0x0000000607c00000, 0x0000000800000000)
  region size 4096K, 1 young (4096K), 1 survivors (4096K)
 Metaspace       used 73657K, committed 74368K, reserved 1114112K
  class space    used 9121K, committed 9472K, reserved 1048576K
}
Event: 20.974 GC heap before
{Heap before GC invocations=21 (full 0):
 garbage-first heap   total 163840K, used 67558K [0x0000000607c00000, 0x0000000800000000)
  region size 4096K, 2 young (8192K), 1 survivors (4096K)
 Metaspace       used 73657K, committed 74368K, reserved 1114112K
  class space    used 9121K, committed 9472K, reserved 1048576K
}

